<?xml version="1.0" encoding="UTF-8"?>
<testsuite name="com.API.Pizzapp.PizzappApplicationTests" tests="1" skipped="0" failures="0" errors="0" timestamp="2023-12-21T17:47:27" hostname="DESKTOP-BUIKG96" time="0.462">
  <properties/>
  <testcase name="contextLoads()" classname="com.API.Pizzapp.PizzappApplicationTests" time="0.462"/>
  <system-out><![CDATA[12:47:16.187 [Test worker] INFO org.springframework.test.context.support.AnnotationConfigContextLoaderUtils -- Could not detect default configuration classes for test class [com.API.Pizzapp.PizzappApplicationTests]: PizzappApplicationTests does not declare any static, non-private, non-final, nested classes annotated with @Configuration.
12:47:16.327 [Test worker] INFO org.springframework.boot.test.context.SpringBootTestContextBootstrapper -- Found @SpringBootConfiguration com.API.Pizzapp.PizzappApplication for test class com.API.Pizzapp.PizzappApplicationTests

  .   ____          _            __ _ _
 /\\ / ___'_ __ _ _(_)_ __  __ _ \ \ \ \
( ( )\___ | '_ | '_| | '_ \/ _` | \ \ \ \
 \\/  ___)| |_)| | | | | || (_| |  ) ) ) )
  '  |____| .__|_| |_|_| |_\__, | / / / /
 =========|_|==============|___/=/_/_/_/
 :: Spring Boot ::                (v3.1.5)

2023-12-21T12:47:16.936-05:00  INFO 25012 --- [    Test worker] c.API.Pizzapp.PizzappApplicationTests    : Starting PizzappApplicationTests using Java 17.0.7 with PID 25012 (started by Marlon Anacona in E:\Documentos\moviles\Spring\Pizzapp)
2023-12-21T12:47:16.937-05:00  INFO 25012 --- [    Test worker] c.API.Pizzapp.PizzappApplicationTests    : No active profile set, falling back to 1 default profile: "default"
2023-12-21T12:47:17.925-05:00  INFO 25012 --- [    Test worker] .s.d.r.c.RepositoryConfigurationDelegate : Multiple Spring Data modules found, entering strict repository configuration mode
2023-12-21T12:47:17.927-05:00  INFO 25012 --- [    Test worker] .s.d.r.c.RepositoryConfigurationDelegate : Bootstrapping Spring Data JDBC repositories in DEFAULT mode.
2023-12-21T12:47:17.967-05:00  INFO 25012 --- [    Test worker] .RepositoryConfigurationExtensionSupport : Spring Data JDBC - Could not safely identify store assignment for repository candidate interface com.API.Pizzapp.Repository.ReviewRepository; If you want this repository to be a JDBC repository, consider annotating your entities with one of these annotations: org.springframework.data.relational.core.mapping.Table.
2023-12-21T12:47:17.969-05:00  INFO 25012 --- [    Test worker] .RepositoryConfigurationExtensionSupport : Spring Data JDBC - Could not safely identify store assignment for repository candidate interface com.API.Pizzapp.Repository.UserRepository; If you want this repository to be a JDBC repository, consider annotating your entities with one of these annotations: org.springframework.data.relational.core.mapping.Table.
2023-12-21T12:47:17.971-05:00  INFO 25012 --- [    Test worker] .RepositoryConfigurationExtensionSupport : Spring Data JDBC - Could not safely identify store assignment for repository candidate interface com.API.Pizzapp.Repository.VerificationCodeRepository; If you want this repository to be a JDBC repository, consider annotating your entities with one of these annotations: org.springframework.data.relational.core.mapping.Table.
2023-12-21T12:47:17.971-05:00  INFO 25012 --- [    Test worker] .s.d.r.c.RepositoryConfigurationDelegate : Finished Spring Data repository scanning in 39 ms. Found 0 JDBC repository interfaces.
2023-12-21T12:47:17.982-05:00  INFO 25012 --- [    Test worker] .s.d.r.c.RepositoryConfigurationDelegate : Multiple Spring Data modules found, entering strict repository configuration mode
2023-12-21T12:47:17.984-05:00  INFO 25012 --- [    Test worker] .s.d.r.c.RepositoryConfigurationDelegate : Bootstrapping Spring Data JPA repositories in DEFAULT mode.
2023-12-21T12:47:18.026-05:00  INFO 25012 --- [    Test worker] .s.d.r.c.RepositoryConfigurationDelegate : Finished Spring Data repository scanning in 37 ms. Found 3 JPA repository interfaces.
2023-12-21T12:47:18.576-05:00  INFO 25012 --- [    Test worker] o.hibernate.jpa.internal.util.LogHelper  : HHH000204: Processing PersistenceUnitInfo [name: default]
2023-12-21T12:47:18.679-05:00  INFO 25012 --- [    Test worker] org.hibernate.Version                    : HHH000412: Hibernate ORM core version 6.2.13.Final
2023-12-21T12:47:18.683-05:00  INFO 25012 --- [    Test worker] org.hibernate.cfg.Environment            : HHH000406: Using bytecode reflection optimizer
2023-12-21T12:47:19.090-05:00  INFO 25012 --- [    Test worker] o.s.o.j.p.SpringPersistenceUnitInfo      : No LoadTimeWeaver setup: ignoring JPA class transformer
2023-12-21T12:47:19.152-05:00  INFO 25012 --- [    Test worker] com.zaxxer.hikari.HikariDataSource       : HikariPool-1 - Starting...
2023-12-21T12:47:21.021-05:00  INFO 25012 --- [    Test worker] com.zaxxer.hikari.pool.HikariPool        : HikariPool-1 - Added connection org.postgresql.jdbc.PgConnection@c93275f
2023-12-21T12:47:21.023-05:00  INFO 25012 --- [    Test worker] com.zaxxer.hikari.HikariDataSource       : HikariPool-1 - Start completed.
2023-12-21T12:47:21.219-05:00  WARN 25012 --- [    Test worker] org.hibernate.orm.deprecation            : HHH90000025: PostgreSQLDialect does not need to be specified explicitly using 'hibernate.dialect' (remove the property setting and it will be selected by default)
2023-12-21T12:47:22.838-05:00  INFO 25012 --- [    Test worker] o.h.e.t.j.p.i.JtaPlatformInitiator       : HHH000489: No JTA platform available (set 'hibernate.transaction.jta.platform' to enable JTA platform integration)
2023-12-21T12:47:25.253-05:00  INFO 25012 --- [    Test worker] j.LocalContainerEntityManagerFactoryBean : Initialized JPA EntityManagerFactory for persistence unit 'default'
2023-12-21T12:47:25.750-05:00  INFO 25012 --- [    Test worker] o.s.d.j.r.query.QueryEnhancerFactory     : Hibernate is in classpath; If applicable, HQL parser will be used.
2023-12-21T12:47:26.237-05:00  WARN 25012 --- [    Test worker] JpaBaseConfiguration$JpaWebConfiguration : spring.jpa.open-in-view is enabled by default. Therefore, database queries may be performed during view rendering. Explicitly configure spring.jpa.open-in-view to disable this warning
2023-12-21T12:47:26.351-05:00  INFO 25012 --- [    Test worker] o.s.s.web.DefaultSecurityFilterChain     : Will secure any request with [org.springframework.security.web.session.DisableEncodeUrlFilter@5c6d0169, org.springframework.security.web.context.request.async.WebAsyncManagerIntegrationFilter@290162ac, org.springframework.security.web.context.SecurityContextHolderFilter@6ac05035, org.springframework.security.web.header.HeaderWriterFilter@3e848f48, org.springframework.security.web.authentication.logout.LogoutFilter@4583046a, com.API.Pizzapp.Security.JwtAuthenticationFilter@6bd742a9, com.API.Pizzapp.Security.JWTAutorizationFilter@485d2d73, org.springframework.security.web.savedrequest.RequestCacheAwareFilter@26b2b702, org.springframework.security.web.servletapi.SecurityContextHolderAwareRequestFilter@536280d7, org.springframework.security.web.authentication.AnonymousAuthenticationFilter@783905c2, org.springframework.security.web.session.SessionManagementFilter@46872fde, org.springframework.security.web.access.ExceptionTranslationFilter@297a9651, org.springframework.security.web.access.intercept.AuthorizationFilter@74502929]
2023-12-21T12:47:27.215-05:00  INFO 25012 --- [    Test worker] c.API.Pizzapp.PizzappApplicationTests    : Started PizzappApplicationTests in 10.655 seconds (process running for 12.512)
]]></system-out>
  <system-err><![CDATA[]]></system-err>
</testsuite>
