<?xml version="1.0" encoding="UTF-8"?>
<testsuite name="com.API.Pizzapp.PizzappApplicationTests" tests="1" skipped="0" failures="0" errors="0" timestamp="2023-10-31T20:17:31" hostname="DESKTOP-BUIKG96" time="0.413">
  <properties/>
  <testcase name="contextLoads()" classname="com.API.Pizzapp.PizzappApplicationTests" time="0.413"/>
  <system-out><![CDATA[15:17:26.748 [Test worker] INFO org.springframework.test.context.support.AnnotationConfigContextLoaderUtils -- Could not detect default configuration classes for test class [com.API.Pizzapp.PizzappApplicationTests]: PizzappApplicationTests does not declare any static, non-private, non-final, nested classes annotated with @Configuration.
15:17:26.886 [Test worker] INFO org.springframework.boot.test.context.SpringBootTestContextBootstrapper -- Found @SpringBootConfiguration com.API.Pizzapp.PizzappApplication for test class com.API.Pizzapp.PizzappApplicationTests

  .   ____          _            __ _ _
 /\\ / ___'_ __ _ _(_)_ __  __ _ \ \ \ \
( ( )\___ | '_ | '_| | '_ \/ _` | \ \ \ \
 \\/  ___)| |_)| | | | | || (_| |  ) ) ) )
  '  |____| .__|_| |_|_| |_\__, | / / / /
 =========|_|==============|___/=/_/_/_/
 :: Spring Boot ::                (v3.1.5)

2023-10-31T15:17:27.406-05:00  INFO 16248 --- [    Test worker] c.API.Pizzapp.PizzappApplicationTests    : Starting PizzappApplicationTests using Java 17.0.7 with PID 16248 (started by Marlon Anacona in E:\Documentos\moviles\Spring\Pizzapp)
2023-10-31T15:17:27.408-05:00  INFO 16248 --- [    Test worker] c.API.Pizzapp.PizzappApplicationTests    : No active profile set, falling back to 1 default profile: "default"
2023-10-31T15:17:28.177-05:00  INFO 16248 --- [    Test worker] .s.d.r.c.RepositoryConfigurationDelegate : Multiple Spring Data modules found, entering strict repository configuration mode
2023-10-31T15:17:28.180-05:00  INFO 16248 --- [    Test worker] .s.d.r.c.RepositoryConfigurationDelegate : Bootstrapping Spring Data JDBC repositories in DEFAULT mode.
2023-10-31T15:17:28.224-05:00  INFO 16248 --- [    Test worker] .RepositoryConfigurationExtensionSupport : Spring Data JDBC - Could not safely identify store assignment for repository candidate interface com.API.Pizzapp.Repository.UserRepository; If you want this repository to be a JDBC repository, consider annotating your entities with one of these annotations: org.springframework.data.relational.core.mapping.Table.
2023-10-31T15:17:28.225-05:00  INFO 16248 --- [    Test worker] .s.d.r.c.RepositoryConfigurationDelegate : Finished Spring Data repository scanning in 35 ms. Found 0 JDBC repository interfaces.
2023-10-31T15:17:28.235-05:00  INFO 16248 --- [    Test worker] .s.d.r.c.RepositoryConfigurationDelegate : Multiple Spring Data modules found, entering strict repository configuration mode
2023-10-31T15:17:28.237-05:00  INFO 16248 --- [    Test worker] .s.d.r.c.RepositoryConfigurationDelegate : Bootstrapping Spring Data JPA repositories in DEFAULT mode.
2023-10-31T15:17:28.268-05:00  INFO 16248 --- [    Test worker] .s.d.r.c.RepositoryConfigurationDelegate : Finished Spring Data repository scanning in 27 ms. Found 1 JPA repository interfaces.
2023-10-31T15:17:28.746-05:00  INFO 16248 --- [    Test worker] o.hibernate.jpa.internal.util.LogHelper  : HHH000204: Processing PersistenceUnitInfo [name: default]
2023-10-31T15:17:28.835-05:00  INFO 16248 --- [    Test worker] org.hibernate.Version                    : HHH000412: Hibernate ORM core version 6.2.13.Final
2023-10-31T15:17:28.839-05:00  INFO 16248 --- [    Test worker] org.hibernate.cfg.Environment            : HHH000406: Using bytecode reflection optimizer
2023-10-31T15:17:29.217-05:00  INFO 16248 --- [    Test worker] o.s.o.j.p.SpringPersistenceUnitInfo      : No LoadTimeWeaver setup: ignoring JPA class transformer
2023-10-31T15:17:29.260-05:00  INFO 16248 --- [    Test worker] com.zaxxer.hikari.HikariDataSource       : HikariPool-1 - Starting...
2023-10-31T15:17:29.486-05:00  INFO 16248 --- [    Test worker] com.zaxxer.hikari.pool.HikariPool        : HikariPool-1 - Added connection org.postgresql.jdbc.PgConnection@edfe8d
2023-10-31T15:17:29.489-05:00  INFO 16248 --- [    Test worker] com.zaxxer.hikari.HikariDataSource       : HikariPool-1 - Start completed.
2023-10-31T15:17:30.781-05:00  INFO 16248 --- [    Test worker] o.h.e.t.j.p.i.JtaPlatformInitiator       : HHH000489: No JTA platform available (set 'hibernate.transaction.jta.platform' to enable JTA platform integration)
2023-10-31T15:17:30.868-05:00  INFO 16248 --- [    Test worker] j.LocalContainerEntityManagerFactoryBean : Initialized JPA EntityManagerFactory for persistence unit 'default'
2023-10-31T15:17:31.276-05:00  WARN 16248 --- [    Test worker] JpaBaseConfiguration$JpaWebConfiguration : spring.jpa.open-in-view is enabled by default. Therefore, database queries may be performed during view rendering. Explicitly configure spring.jpa.open-in-view to disable this warning
2023-10-31T15:17:31.381-05:00  INFO 16248 --- [    Test worker] o.s.s.web.DefaultSecurityFilterChain     : Will secure any request with [org.springframework.security.web.session.DisableEncodeUrlFilter@22249b41, org.springframework.security.web.context.request.async.WebAsyncManagerIntegrationFilter@23edc081, org.springframework.security.web.context.SecurityContextHolderFilter@25d45101, org.springframework.security.web.header.HeaderWriterFilter@5a5407c6, org.springframework.security.web.authentication.logout.LogoutFilter@49588fc8, com.API.Pizzapp.Security.JwtAuthenticationFilter@798e786d, org.springframework.security.web.savedrequest.RequestCacheAwareFilter@245ece8d, org.springframework.security.web.servletapi.SecurityContextHolderAwareRequestFilter@6557ee1f, org.springframework.security.web.authentication.AnonymousAuthenticationFilter@46aa79a3, org.springframework.security.web.session.SessionManagementFilter@62057a7b, org.springframework.security.web.access.ExceptionTranslationFilter@4196a44a, org.springframework.security.web.access.intercept.AuthorizationFilter@1b00f13]
2023-10-31T15:17:31.914-05:00  INFO 16248 --- [    Test worker] c.API.Pizzapp.PizzappApplicationTests    : Started PizzappApplicationTests in 4.823 seconds (process running for 6.472)
]]></system-out>
  <system-err><![CDATA[]]></system-err>
</testsuite>
