<?xml version="1.0" encoding="UTF-8"?>
<testsuite name="com.API.Pizzapp.controllerTest.UserControllerTest" tests="6" skipped="0" failures="0" errors="0" timestamp="2023-11-01T14:34:20" hostname="DESKTOP-BUIKG96" time="0.299">
  <properties/>
  <testcase name="testLoginUserInvalidInput()" classname="com.API.Pizzapp.controllerTest.UserControllerTest" time="0.263"/>
  <testcase name="testCreateUserInvalidInput()" classname="com.API.Pizzapp.controllerTest.UserControllerTest" time="0.003"/>
  <testcase name="testLoginUser()" classname="com.API.Pizzapp.controllerTest.UserControllerTest" time="0.016"/>
  <testcase name="testUpdateUser()" classname="com.API.Pizzapp.controllerTest.UserControllerTest" time="0.004"/>
  <testcase name="testUpdateUserInvalidInput()" classname="com.API.Pizzapp.controllerTest.UserControllerTest" time="0.004"/>
  <testcase name="testCreateUser()" classname="com.API.Pizzapp.controllerTest.UserControllerTest" time="0.003"/>
  <system-out><![CDATA[null
]]></system-out>
  <system-err><![CDATA[]]></system-err>
</testsuite>
