<?xml version="1.0" encoding="UTF-8"?>
<testsuite name="com.API.Pizzapp.controllerTest.UserServiceImplTest" tests="6" skipped="0" failures="0" errors="0" timestamp="2023-11-27T23:07:28" hostname="DESKTOP-BUIKG96" time="0.369">
  <properties/>
  <testcase name="testUpdateUserNotFound()" classname="com.API.Pizzapp.controllerTest.UserServiceImplTest" time="0.318"/>
  <testcase name="testUpdateUserSuccess()" classname="com.API.Pizzapp.controllerTest.UserServiceImplTest" time="0.008"/>
  <testcase name="testLoginUserSuccess()" classname="com.API.Pizzapp.controllerTest.UserServiceImplTest" time="0.011"/>
  <testcase name="testLoginUserFailure()" classname="com.API.Pizzapp.controllerTest.UserServiceImplTest" time="0.008"/>
  <testcase name="testCreateUserSuccess()" classname="com.API.Pizzapp.controllerTest.UserServiceImplTest" time="0.004"/>
  <testcase name="testCreateUserFailure()" classname="com.API.Pizzapp.controllerTest.UserServiceImplTest" time="0.007"/>
  <system-out><![CDATA[]]></system-out>
  <system-err><![CDATA[]]></system-err>
</testsuite>
