<?xml version="1.0" encoding="UTF-8"?>
<testsuite name="com.API.Pizzapp.PizzappApplicationTests" tests="1" skipped="0" failures="0" errors="0" timestamp="2023-12-01T19:01:47" hostname="DESKTOP-BUIKG96" time="0.444">
  <properties/>
  <testcase name="contextLoads()" classname="com.API.Pizzapp.PizzappApplicationTests" time="0.444"/>
  <system-out><![CDATA[14:01:37.064 [Test worker] INFO org.springframework.test.context.support.AnnotationConfigContextLoaderUtils -- Could not detect default configuration classes for test class [com.API.Pizzapp.PizzappApplicationTests]: PizzappApplicationTests does not declare any static, non-private, non-final, nested classes annotated with @Configuration.
14:01:37.280 [Test worker] INFO org.springframework.boot.test.context.SpringBootTestContextBootstrapper -- Found @SpringBootConfiguration com.API.Pizzapp.PizzappApplication for test class com.API.Pizzapp.PizzappApplicationTests

  .   ____          _            __ _ _
 /\\ / ___'_ __ _ _(_)_ __  __ _ \ \ \ \
( ( )\___ | '_ | '_| | '_ \/ _` | \ \ \ \
 \\/  ___)| |_)| | | | | || (_| |  ) ) ) )
  '  |____| .__|_| |_|_| |_\__, | / / / /
 =========|_|==============|___/=/_/_/_/
 :: Spring Boot ::                (v3.1.5)

2023-12-01T14:01:37.888-05:00  INFO 17640 --- [    Test worker] c.API.Pizzapp.PizzappApplicationTests    : Starting PizzappApplicationTests using Java 17.0.7 with PID 17640 (started by Marlon Anacona in E:\Documentos\moviles\Spring\Pizzapp)
2023-12-01T14:01:37.889-05:00  INFO 17640 --- [    Test worker] c.API.Pizzapp.PizzappApplicationTests    : No active profile set, falling back to 1 default profile: "default"
2023-12-01T14:01:38.716-05:00  INFO 17640 --- [    Test worker] .s.d.r.c.RepositoryConfigurationDelegate : Multiple Spring Data modules found, entering strict repository configuration mode
2023-12-01T14:01:38.717-05:00  INFO 17640 --- [    Test worker] .s.d.r.c.RepositoryConfigurationDelegate : Bootstrapping Spring Data JDBC repositories in DEFAULT mode.
2023-12-01T14:01:38.764-05:00  INFO 17640 --- [    Test worker] .RepositoryConfigurationExtensionSupport : Spring Data JDBC - Could not safely identify store assignment for repository candidate interface com.API.Pizzapp.Repository.ResturantRepository; If you want this repository to be a JDBC repository, consider annotating your entities with one of these annotations: org.springframework.data.relational.core.mapping.Table.
2023-12-01T14:01:38.766-05:00  INFO 17640 --- [    Test worker] .RepositoryConfigurationExtensionSupport : Spring Data JDBC - Could not safely identify store assignment for repository candidate interface com.API.Pizzapp.Repository.ReviewRepository; If you want this repository to be a JDBC repository, consider annotating your entities with one of these annotations: org.springframework.data.relational.core.mapping.Table.
2023-12-01T14:01:38.774-05:00  INFO 17640 --- [    Test worker] .RepositoryConfigurationExtensionSupport : Spring Data JDBC - Could not safely identify store assignment for repository candidate interface com.API.Pizzapp.Repository.UserRepository; If you want this repository to be a JDBC repository, consider annotating your entities with one of these annotations: org.springframework.data.relational.core.mapping.Table.
2023-12-01T14:01:38.776-05:00  INFO 17640 --- [    Test worker] .RepositoryConfigurationExtensionSupport : Spring Data JDBC - Could not safely identify store assignment for repository candidate interface com.API.Pizzapp.Repository.VerificationCodeRepository; If you want this repository to be a JDBC repository, consider annotating your entities with one of these annotations: org.springframework.data.relational.core.mapping.Table.
2023-12-01T14:01:38.777-05:00  INFO 17640 --- [    Test worker] .s.d.r.c.RepositoryConfigurationDelegate : Finished Spring Data repository scanning in 53 ms. Found 0 JDBC repository interfaces.
2023-12-01T14:01:38.790-05:00  INFO 17640 --- [    Test worker] .s.d.r.c.RepositoryConfigurationDelegate : Multiple Spring Data modules found, entering strict repository configuration mode
2023-12-01T14:01:38.791-05:00  INFO 17640 --- [    Test worker] .s.d.r.c.RepositoryConfigurationDelegate : Bootstrapping Spring Data JPA repositories in DEFAULT mode.
2023-12-01T14:01:38.843-05:00  INFO 17640 --- [    Test worker] .s.d.r.c.RepositoryConfigurationDelegate : Finished Spring Data repository scanning in 46 ms. Found 4 JPA repository interfaces.
2023-12-01T14:01:39.404-05:00  INFO 17640 --- [    Test worker] o.hibernate.jpa.internal.util.LogHelper  : HHH000204: Processing PersistenceUnitInfo [name: default]
2023-12-01T14:01:39.482-05:00  INFO 17640 --- [    Test worker] org.hibernate.Version                    : HHH000412: Hibernate ORM core version 6.2.13.Final
2023-12-01T14:01:39.486-05:00  INFO 17640 --- [    Test worker] org.hibernate.cfg.Environment            : HHH000406: Using bytecode reflection optimizer
2023-12-01T14:01:39.897-05:00  INFO 17640 --- [    Test worker] o.s.o.j.p.SpringPersistenceUnitInfo      : No LoadTimeWeaver setup: ignoring JPA class transformer
2023-12-01T14:01:39.935-05:00  INFO 17640 --- [    Test worker] com.zaxxer.hikari.HikariDataSource       : HikariPool-1 - Starting...
2023-12-01T14:01:41.705-05:00  INFO 17640 --- [    Test worker] com.zaxxer.hikari.pool.HikariPool        : HikariPool-1 - Added connection org.postgresql.jdbc.PgConnection@27551c3a
2023-12-01T14:01:41.707-05:00  INFO 17640 --- [    Test worker] com.zaxxer.hikari.HikariDataSource       : HikariPool-1 - Start completed.
2023-12-01T14:01:41.896-05:00  WARN 17640 --- [    Test worker] org.hibernate.orm.deprecation            : HHH90000025: PostgreSQLDialect does not need to be specified explicitly using 'hibernate.dialect' (remove the property setting and it will be selected by default)
2023-12-01T14:01:43.334-05:00  INFO 17640 --- [    Test worker] o.h.e.t.j.p.i.JtaPlatformInitiator       : HHH000489: No JTA platform available (set 'hibernate.transaction.jta.platform' to enable JTA platform integration)
2023-12-01T14:01:45.717-05:00  INFO 17640 --- [    Test worker] j.LocalContainerEntityManagerFactoryBean : Initialized JPA EntityManagerFactory for persistence unit 'default'
2023-12-01T14:01:46.196-05:00  INFO 17640 --- [    Test worker] o.s.d.j.r.query.QueryEnhancerFactory     : Hibernate is in classpath; If applicable, HQL parser will be used.
2023-12-01T14:01:46.671-05:00  WARN 17640 --- [    Test worker] JpaBaseConfiguration$JpaWebConfiguration : spring.jpa.open-in-view is enabled by default. Therefore, database queries may be performed during view rendering. Explicitly configure spring.jpa.open-in-view to disable this warning
2023-12-01T14:01:46.783-05:00  INFO 17640 --- [    Test worker] o.s.s.web.DefaultSecurityFilterChain     : Will secure any request with [org.springframework.security.web.session.DisableEncodeUrlFilter@1f82c447, org.springframework.security.web.context.request.async.WebAsyncManagerIntegrationFilter@362381b4, org.springframework.security.web.context.SecurityContextHolderFilter@75210d98, org.springframework.security.web.header.HeaderWriterFilter@7ec35323, org.springframework.security.web.authentication.logout.LogoutFilter@6c0bc123, com.API.Pizzapp.Security.JwtAuthenticationFilter@5916507e, com.API.Pizzapp.Security.JWTAutorizationFilter@4ed849c2, org.springframework.security.web.savedrequest.RequestCacheAwareFilter@2210af68, org.springframework.security.web.servletapi.SecurityContextHolderAwareRequestFilter@60144454, org.springframework.security.web.authentication.AnonymousAuthenticationFilter@7417b08f, org.springframework.security.web.session.SessionManagementFilter@76c35b70, org.springframework.security.web.access.ExceptionTranslationFilter@6145d467, org.springframework.security.web.access.intercept.AuthorizationFilter@5cbea6cd]
2023-12-01T14:01:47.508-05:00  INFO 17640 --- [    Test worker] c.API.Pizzapp.PizzappApplicationTests    : Started PizzappApplicationTests in 10.008 seconds (process running for 11.795)
]]></system-out>
  <system-err><![CDATA[]]></system-err>
</testsuite>
